<?xml version="1.0" encoding="UTF-8"?>
<!-- Generated by org.testng.reporters.JUnitReportReporter -->
<testsuite hostname="DESKTOP-PGJD5CP" failures="0" tests="3" name="Tests.ImportTest" time="19.466" errors="0" timestamp="2024-02-24T00:29:47 IST" skipped="0">
  <testcase classname="Tests.ImportTest" name="FinalRun" time="11.882"/>
  <system-out/>
  <testcase classname="Tests.ImportTest" name="importFlow" time="1.306"/>
  <system-out/>
  <testcase classname="Tests.ImportTest" name="importInsurance" time="6.278"/>
  <system-out/>
</testsuite> <!-- Tests.ImportTest -->
