<?xml version="1.0" encoding="UTF-8"?>
<!-- Generated by org.testng.reporters.JUnitReportReporter -->
<testsuite hostname="DESKTOP-PGJD5CP" failures="0" tests="8" name="Tests.FinalTest" time="59.037" errors="0" timestamp="2024-02-23T23:56:58 IST" skipped="0">
  <testcase classname="Tests.FinalTest" name="FinalRun" time="11.461"/>
  <system-out/>
  <testcase classname="Tests.FinalTest" name="createInsurance" time="1.312"/>
  <system-out/>
  <testcase classname="Tests.FinalTest" name="Product" time="18.567"/>
  <system-out/>
  <testcase classname="Tests.FinalTest" name="Customer" time="5.767"/>
  <system-out/>
  <testcase classname="Tests.FinalTest" name="Confirmation" time="6.523"/>
  <system-out/>
  <testcase classname="Tests.FinalTest" name="OrderSummary" time="5.398"/>
  <system-out/>
  <testcase classname="Tests.FinalTest" name="paymentDetails" time="7.905"/>
  <system-out/>
  <testcase classname="Tests.FinalTest" name="InsuranceDetails" time="2.104"/>
  <system-out/>
</testsuite> <!-- Tests.FinalTest -->
