<?xml version="1.0" encoding="UTF-8"?>
<!-- Generated by org.testng.reporters.JUnitReportReporter -->
<testsuite hostname="DESKTOP-PGJD5CP" failures="0" tests="8" name="Tests.DirectDebitFlow" time="57.197" errors="0" timestamp="2024-02-24T00:45:23 IST" skipped="0">
  <testcase classname="Tests.DirectDebitFlow" name="FinalRun" time="11.784"/>
  <system-out/>
  <testcase classname="Tests.DirectDebitFlow" name="createInsurance" time="1.388"/>
  <system-out/>
  <testcase classname="Tests.DirectDebitFlow" name="Product" time="19.658"/>
  <system-out/>
  <testcase classname="Tests.DirectDebitFlow" name="Customer" time="6.084"/>
  <system-out/>
  <testcase classname="Tests.DirectDebitFlow" name="Confirmation" time="6.583"/>
  <system-out/>
  <testcase classname="Tests.DirectDebitFlow" name="OrderSummary" time="2.493"/>
  <system-out/>
  <testcase classname="Tests.DirectDebitFlow" name="paymentDetails" time="6.862"/>
  <system-out/>
  <testcase classname="Tests.DirectDebitFlow" name="InsuranceDetails" time="2.345"/>
  <system-out/>
</testsuite> <!-- Tests.DirectDebitFlow -->
